<?xml version="1.0" encoding="UTF-8"?>
<testng-results skipped="0" failed="0" total="3" passed="3">
  <reporter-output>
  </reporter-output>
  <suite name="Suite1" duration-ms="47383" started-at="2016-09-03T18:35:45Z" finished-at="2016-09-03T18:36:33Z">
    <groups>
    </groups>
    <test name="Click Links" duration-ms="29957" started-at="2016-09-03T18:35:45Z" finished-at="2016-09-03T18:36:15Z">
      <class name="gui.NewTest">
        <test-method status="PASS" signature="beforeMethod()[pri:0, instance:gui.NewTest@d2cc05a]" name="beforeMethod" is-config="true" duration-ms="12" started-at="2016-09-03T11:35:45Z" finished-at="2016-09-03T11:35:45Z">
          <reporter-output>
          </reporter-output>
        </test-method> <!-- beforeMethod -->
        <test-method status="PASS" signature="OpenBrowser()[pri:1, instance:gui.NewTest@d2cc05a]" name="OpenBrowser" duration-ms="29922" started-at="2016-09-03T11:35:45Z" finished-at="2016-09-03T11:36:15Z">
          <reporter-output>
          </reporter-output>
        </test-method> <!-- OpenBrowser -->
        <test-method status="PASS" signature="afterMethod()[pri:0, instance:gui.NewTest@d2cc05a]" name="afterMethod" is-config="true" duration-ms="1" started-at="2016-09-03T11:36:15Z" finished-at="2016-09-03T11:36:15Z">
          <reporter-output>
          </reporter-output>
        </test-method> <!-- afterMethod -->
        <test-method status="PASS" signature="beforeMethod()[pri:0, instance:gui.NewTest@d2cc05a]" name="beforeMethod" is-config="true" duration-ms="0" started-at="2016-09-03T11:36:15Z" finished-at="2016-09-03T11:36:15Z">
          <reporter-output>
          </reporter-output>
        </test-method> <!-- beforeMethod -->
        <test-method status="PASS" signature="levelTwo()[pri:2, instance:gui.NewTest@d2cc05a]" name="levelTwo" duration-ms="1" started-at="2016-09-03T11:36:15Z" finished-at="2016-09-03T11:36:15Z">
          <reporter-output>
          </reporter-output>
        </test-method> <!-- levelTwo -->
        <test-method status="PASS" signature="afterMethod()[pri:0, instance:gui.NewTest@d2cc05a]" name="afterMethod" is-config="true" duration-ms="0" started-at="2016-09-03T11:36:15Z" finished-at="2016-09-03T11:36:15Z">
          <reporter-output>
          </reporter-output>
        </test-method> <!-- afterMethod -->
      </class> <!-- gui.NewTest -->
    </test> <!-- Click Links -->
    <test name="Fill Orders" duration-ms="17391" started-at="2016-09-03T18:36:15Z" finished-at="2016-09-03T18:36:33Z">
      <class name="gui.OrderFill">
        <test-method status="PASS" signature="OrderFilling()[pri:0, instance:gui.OrderFill@18be83e4]" name="OrderFilling" duration-ms="17388" started-at="2016-09-03T11:36:15Z" finished-at="2016-09-03T11:36:33Z">
          <reporter-output>
          </reporter-output>
        </test-method> <!-- OrderFilling -->
      </class> <!-- gui.OrderFill -->
    </test> <!-- Fill Orders -->
  </suite> <!-- Suite1 -->
</testng-results>
